<?xml version="1.0" encoding="UTF-8"?>
<testsuite xmlns:xsi="http://www.w3.org/2001/XMLSchema-instance" xsi:noNamespaceSchemaLocation="https://maven.apache.org/surefire/maven-surefire-plugin/xsd/surefire-test-report-3.0.xsd" version="3.0" name="cucumber.TestNGTestRunner" time="26.294" tests="2" errors="0" skipped="0" failures="0">
  <properties>
[...]
</properties>
  <testcase name="runScenario[&quot;Negative Test for Error Validation&quot;, &quot;Error Validation&quot;](1)" classname="cucumber.TestNGTestRunner" time="15.127">
    <system-out><![CDATA[17:37:09,487 [main] DEBUG io.netty.util.internal.logging.InternalLoggerFactory(36) - Using Log4J2 as the default logging framework
17:37:09,499 [main] DEBUG io.netty.util.ResourceLeakDetector(36) - -Dio.netty.leakDetection.level: simple
17:37:09,499 [main] DEBUG io.netty.util.ResourceLeakDetector(36) - -Dio.netty.leakDetection.targetRecords: 4
17:37:09,505 [main] DEBUG io.netty.util.ResourceLeakDetectorFactory(36) - Loaded default ResourceLeakDetector: io.netty.util.ResourceLeakDetector@7fe82967
17:37:09,531 [main] DEBUG io.netty.util.internal.PlatformDependent0(36) - -Dio.netty.noUnsafe: false
17:37:09,531 [main] DEBUG io.netty.util.internal.PlatformDependent0(36) - Java version: 18
17:37:09,533 [main] DEBUG io.netty.util.internal.PlatformDependent0(36) - sun.misc.Unsafe.theUnsafe: available
17:37:09,535 [main] DEBUG io.netty.util.internal.PlatformDependent0(36) - sun.misc.Unsafe.copyMemory: available
17:37:09,536 [main] DEBUG io.netty.util.internal.PlatformDependent0(36) - sun.misc.Unsafe.storeFence: available
17:37:09,536 [main] DEBUG io.netty.util.internal.PlatformDependent0(36) - java.nio.Buffer.address: available
17:37:09,537 [main] DEBUG io.netty.util.internal.PlatformDependent0(36) - direct buffer constructor: unavailable
java.lang.UnsupportedOperationException: Reflective setAccessible(true) disabled
	at io.netty.util.internal.ReflectionUtil.trySetAccessible(ReflectionUtil.java:31) ~[netty-common-4.1.78.Final.jar:4.1.78.Final]
	at io.netty.util.internal.PlatformDependent0$5.run(PlatformDependent0.java:287) ~[netty-common-4.1.78.Final.jar:4.1.78.Final]
	at java.security.AccessController.doPrivileged(AccessController.java:318) ~[?:?]
	at io.netty.util.internal.PlatformDependent0.<clinit>(PlatformDependent0.java:281) ~[netty-common-4.1.78.Final.jar:4.1.78.Final]
	at io.netty.util.internal.PlatformDependent.isAndroid(PlatformDependent.java:294) ~[netty-common-4.1.78.Final.jar:4.1.78.Final]
	at io.netty.util.internal.PlatformDependent.<clinit>(PlatformDependent.java:88) ~[netty-common-4.1.78.Final.jar:4.1.78.Final]
	at io.netty.util.HashedWheelTimer.<init>(HashedWheelTimer.java:114) ~[netty-common-4.1.78.Final.jar:4.1.78.Final]
	at io.netty.util.HashedWheelTimer.<init>(HashedWheelTimer.java:251) ~[netty-common-4.1.78.Final.jar:4.1.78.Final]
	at io.netty.util.HashedWheelTimer.<init>(HashedWheelTimer.java:224) ~[netty-common-4.1.78.Final.jar:4.1.78.Final]
	at io.netty.util.HashedWheelTimer.<init>(HashedWheelTimer.java:203) ~[netty-common-4.1.78.Final.jar:4.1.78.Final]
	at org.asynchttpclient.DefaultAsyncHttpClient.newNettyTimer(DefaultAsyncHttpClient.java:111) ~[async-http-client-2.12.3.jar:?]
	at org.asynchttpclient.DefaultAsyncHttpClient.<init>(DefaultAsyncHttpClient.java:90) ~[async-http-client-2.12.3.jar:?]
	at org.asynchttpclient.Dsl.asyncHttpClient(Dsl.java:32) ~[async-http-client-2.12.3.jar:?]
	at org.openqa.selenium.remote.http.netty.NettyClient.createHttpClient(NettyClient.java:93) ~[selenium-remote-driver-4.3.0.jar:?]
	at org.openqa.selenium.remote.http.netty.NettyClient.<clinit>(NettyClient.java:47) ~[selenium-remote-driver-4.3.0.jar:?]
	at org.openqa.selenium.remote.http.netty.NettyClient$Factory.createClient(NettyClient.java:134) ~[selenium-remote-driver-4.3.0.jar:?]
	at org.openqa.selenium.remote.HttpCommandExecutor.<init>(HttpCommandExecutor.java:107) ~[selenium-remote-driver-4.3.0.jar:?]
	at org.openqa.selenium.remote.HttpCommandExecutor.<init>(HttpCommandExecutor.java:94) ~[selenium-remote-driver-4.3.0.jar:?]
	at org.openqa.selenium.remote.HttpCommandExecutor.<init>(HttpCommandExecutor.java:85) ~[selenium-remote-driver-4.3.0.jar:?]
	at org.openqa.selenium.remote.service.DriverCommandExecutor.<init>(DriverCommandExecutor.java:80) ~[selenium-remote-driver-4.3.0.jar:?]
	at org.openqa.selenium.chromium.ChromiumDriverCommandExecutor.<init>(ChromiumDriverCommandExecutor.java:35) ~[selenium-chromium-driver-4.3.0.jar:?]
	at org.openqa.selenium.chrome.ChromeDriver$ChromeDriverCommandExecutor.<init>(ChromeDriver.java:93) ~[selenium-chrome-driver-4.3.0.jar:?]
	at org.openqa.selenium.chrome.ChromeDriver.<init>(ChromeDriver.java:81) ~[selenium-chrome-driver-4.3.0.jar:?]
	at org.openqa.selenium.chrome.ChromeDriver.<init>(ChromeDriver.java:49) ~[selenium-chrome-driver-4.3.0.jar:?]
	at resources.base.initializeDriver(base.java:63) ~[classes/:?]
	at resources.base.launchApplication(base.java:97) ~[classes/:?]
	at cucumber.StepDefination.I_have_landed_on_Ecommerce_page(StepDefination.java:37) ~[test-classes/:?]
	at jdk.internal.reflect.DirectMethodHandleAccessor.invoke(DirectMethodHandleAccessor.java:104) ~[?:?]
	at java.lang.reflect.Method.invoke(Method.java:577) ~[?:?]
	at io.cucumber.java.Invoker.doInvoke(Invoker.java:66) ~[cucumber-java-7.8.0.jar:7.8.0]
	at io.cucumber.java.Invoker.invoke(Invoker.java:24) ~[cucumber-java-7.8.0.jar:7.8.0]
	at io.cucumber.java.AbstractGlueDefinition.invokeMethod(AbstractGlueDefinition.java:47) ~[cucumber-java-7.8.0.jar:7.8.0]
	at io.cucumber.java.JavaStepDefinition.execute(JavaStepDefinition.java:29) ~[cucumber-java-7.8.0.jar:7.8.0]
	at io.cucumber.core.runner.CoreStepDefinition.execute(CoreStepDefinition.java:66) ~[cucumber-core-7.8.0.jar:7.8.0]
	at io.cucumber.core.runner.PickleStepDefinitionMatch.runStep(PickleStepDefinitionMatch.java:63) ~[cucumber-core-7.8.0.jar:7.8.0]
	at io.cucumber.core.runner.ExecutionMode$1.execute(ExecutionMode.java:10) ~[cucumber-core-7.8.0.jar:7.8.0]
	at io.cucumber.core.runner.TestStep.executeStep(TestStep.java:85) ~[cucumber-core-7.8.0.jar:7.8.0]
	at io.cucumber.core.runner.TestStep.run(TestStep.java:57) ~[cucumber-core-7.8.0.jar:7.8.0]
	at io.cucumber.core.runner.PickleStepTestStep.run(PickleStepTestStep.java:51) ~[cucumber-core-7.8.0.jar:7.8.0]
	at io.cucumber.core.runner.TestCase.run(TestCase.java:84) ~[cucumber-core-7.8.0.jar:7.8.0]
	at io.cucumber.core.runner.Runner.runPickle(Runner.java:75) ~[cucumber-core-7.8.0.jar:7.8.0]
	at io.cucumber.testng.TestNGCucumberRunner.lambda$runScenario$1(TestNGCucumberRunner.java:132) ~[cucumber-testng-7.8.0.jar:7.8.0]
	at io.cucumber.core.runtime.CucumberExecutionContext.lambda$runTestCase$5(CucumberExecutionContext.java:129) ~[cucumber-core-7.8.0.jar:7.8.0]
	at io.cucumber.core.runtime.RethrowingThrowableCollector.executeAndThrow(RethrowingThrowableCollector.java:23) ~[cucumber-core-7.8.0.jar:7.8.0]
	at io.cucumber.core.runtime.CucumberExecutionContext.runTestCase(CucumberExecutionContext.java:129) ~[cucumber-core-7.8.0.jar:7.8.0]
	at io.cucumber.testng.TestNGCucumberRunner.runScenario(TestNGCucumberRunner.java:129) ~[cucumber-testng-7.8.0.jar:7.8.0]
	at io.cucumber.testng.AbstractTestNGCucumberTests.runScenario(AbstractTestNGCucumberTests.java:35) ~[cucumber-testng-7.8.0.jar:7.8.0]
	at jdk.internal.reflect.DirectMethodHandleAccessor.invoke(DirectMethodHandleAccessor.java:104) ~[?:?]
	at java.lang.reflect.Method.invoke(Method.java:577) ~[?:?]
	at org.testng.internal.invokers.MethodInvocationHelper.invokeMethod(MethodInvocationHelper.java:139) ~[testng-7.6.0.jar:7.6.0]
	at org.testng.internal.invokers.TestInvoker.invokeMethod(TestInvoker.java:677) ~[testng-7.6.0.jar:7.6.0]
	at org.testng.internal.invokers.TestInvoker.invokeTestMethod(TestInvoker.java:221) ~[testng-7.6.0.jar:7.6.0]
	at org.testng.internal.invokers.MethodRunner.runInSequence(MethodRunner.java:50) ~[testng-7.6.0.jar:7.6.0]
	at org.testng.internal.invokers.TestInvoker$MethodInvocationAgent.invoke(TestInvoker.java:962) ~[testng-7.6.0.jar:7.6.0]
	at org.testng.internal.invokers.TestInvoker.invokeTestMethods(TestInvoker.java:194) ~[testng-7.6.0.jar:7.6.0]
	at org.testng.internal.invokers.TestMethodWorker.invokeTestMethods(TestMethodWorker.java:148) ~[testng-7.6.0.jar:7.6.0]
	at org.testng.internal.invokers.TestMethodWorker.run(TestMethodWorker.java:128) ~[testng-7.6.0.jar:7.6.0]
	at java.util.ArrayList.forEach(ArrayList.java:1511) ~[?:?]
	at org.testng.TestRunner.privateRun(TestRunner.java:806) ~[testng-7.6.0.jar:7.6.0]
	at org.testng.TestRunner.run(TestRunner.java:601) ~[testng-7.6.0.jar:7.6.0]
	at org.testng.SuiteRunner.runTest(SuiteRunner.java:433) ~[testng-7.6.0.jar:7.6.0]
	at org.testng.SuiteRunner.runSequentially(SuiteRunner.java:427) ~[testng-7.6.0.jar:7.6.0]
	at org.testng.SuiteRunner.privateRun(SuiteRunner.java:387) ~[testng-7.6.0.jar:7.6.0]
	at org.testng.SuiteRunner.run(SuiteRunner.java:330) ~[testng-7.6.0.jar:7.6.0]
	at org.testng.SuiteRunnerWorker.runSuite(SuiteRunnerWorker.java:52) ~[testng-7.6.0.jar:7.6.0]
	at org.testng.SuiteRunnerWorker.run(SuiteRunnerWorker.java:95) ~[testng-7.6.0.jar:7.6.0]
	at org.testng.TestNG.runSuitesSequentially(TestNG.java:1256) ~[testng-7.6.0.jar:7.6.0]
	at org.testng.TestNG.runSuitesLocally(TestNG.java:1176) ~[testng-7.6.0.jar:7.6.0]
	at org.testng.TestNG.runSuites(TestNG.java:1099) ~[testng-7.6.0.jar:7.6.0]
	at org.testng.TestNG.run(TestNG.java:1067) ~[testng-7.6.0.jar:7.6.0]
	at org.apache.maven.surefire.testng.TestNGExecutor.run(TestNGExecutor.java:151) ~[surefire-testng-3.0.0-M7.jar:3.0.0-M7]
	at org.apache.maven.surefire.testng.TestNGDirectoryTestSuite.executeSingleClass(TestNGDirectoryTestSuite.java:111) ~[surefire-testng-3.0.0-M7.jar:3.0.0-M7]
	at org.apache.maven.surefire.testng.TestNGDirectoryTestSuite.execute(TestNGDirectoryTestSuite.java:98) ~[surefire-testng-3.0.0-M7.jar:3.0.0-M7]
	at org.apache.maven.surefire.testng.TestNGProvider.invoke(TestNGProvider.java:155) ~[surefire-testng-3.0.0-M7.jar:3.0.0-M7]
	at org.apache.maven.surefire.booter.ForkedBooter.runSuitesInProcess(ForkedBooter.java:456) ~[surefire-booter-3.0.0-M7.jar:3.0.0-M7]
	at org.apache.maven.surefire.booter.ForkedBooter.execute(ForkedBooter.java:169) ~[surefire-booter-3.0.0-M7.jar:3.0.0-M7]
	at org.apache.maven.surefire.booter.ForkedBooter.run(ForkedBooter.java:595) ~[surefire-booter-3.0.0-M7.jar:3.0.0-M7]
	at org.apache.maven.surefire.booter.ForkedBooter.main(ForkedBooter.java:581) ~[surefire-booter-3.0.0-M7.jar:3.0.0-M7]
17:37:09,557 [main] DEBUG io.netty.util.internal.PlatformDependent0(36) - java.nio.Bits.unaligned: available, true
17:37:09,559 [main] DEBUG io.netty.util.internal.PlatformDependent0(36) - jdk.internal.misc.Unsafe.allocateUninitializedArray(int): unavailable
java.lang.IllegalAccessException: class io.netty.util.internal.PlatformDependent0$7 cannot access class jdk.internal.misc.Unsafe (in module java.base) because module java.base does not export jdk.internal.misc to unnamed module @1563da5
	at jdk.internal.reflect.Reflection.newIllegalAccessException(Reflection.java:394) ~[?:?]
	at java.lang.reflect.AccessibleObject.checkAccess(AccessibleObject.java:674) ~[?:?]
	at java.lang.reflect.Method.invoke(Method.java:568) ~[?:?]
	at io.netty.util.internal.PlatformDependent0$7.run(PlatformDependent0.java:409) ~[netty-common-4.1.78.Final.jar:4.1.78.Final]
	at java.security.AccessController.doPrivileged(AccessController.java:318) ~[?:?]
	at io.netty.util.internal.PlatformDependent0.<clinit>(PlatformDependent0.java:400) ~[netty-common-4.1.78.Final.jar:4.1.78.Final]
	at io.netty.util.internal.PlatformDependent.isAndroid(PlatformDependent.java:294) ~[netty-common-4.1.78.Final.jar:4.1.78.Final]
	at io.netty.util.internal.PlatformDependent.<clinit>(PlatformDependent.java:88) ~[netty-common-4.1.78.Final.jar:4.1.78.Final]
	at io.netty.util.HashedWheelTimer.<init>(HashedWheelTimer.java:114) ~[netty-common-4.1.78.Final.jar:4.1.78.Final]
	at io.netty.util.HashedWheelTimer.<init>(HashedWheelTimer.java:251) ~[netty-common-4.1.78.Final.jar:4.1.78.Final]
	at io.netty.util.HashedWheelTimer.<init>(HashedWheelTimer.java:224) ~[netty-common-4.1.78.Final.jar:4.1.78.Final]
	at io.netty.util.HashedWheelTimer.<init>(HashedWheelTimer.java:203) ~[netty-common-4.1.78.Final.jar:4.1.78.Final]
	at org.asynchttpclient.DefaultAsyncHttpClient.newNettyTimer(DefaultAsyncHttpClient.java:111) ~[async-http-client-2.12.3.jar:?]
	at org.asynchttpclient.DefaultAsyncHttpClient.<init>(DefaultAsyncHttpClient.java:90) ~[async-http-client-2.12.3.jar:?]
	at org.asynchttpclient.Dsl.asyncHttpClient(Dsl.java:32) ~[async-http-client-2.12.3.jar:?]
	at org.openqa.selenium.remote.http.netty.NettyClient.createHttpClient(NettyClient.java:93) ~[selenium-remote-driver-4.3.0.jar:?]
	at org.openqa.selenium.remote.http.netty.NettyClient.<clinit>(NettyClient.java:47) ~[selenium-remote-driver-4.3.0.jar:?]
	at org.openqa.selenium.remote.http.netty.NettyClient$Factory.createClient(NettyClient.java:134) ~[selenium-remote-driver-4.3.0.jar:?]
	at org.openqa.selenium.remote.HttpCommandExecutor.<init>(HttpCommandExecutor.java:107) ~[selenium-remote-driver-4.3.0.jar:?]
	at org.openqa.selenium.remote.HttpCommandExecutor.<init>(HttpCommandExecutor.java:94) ~[selenium-remote-driver-4.3.0.jar:?]
	at org.openqa.selenium.remote.HttpCommandExecutor.<init>(HttpCommandExecutor.java:85) ~[selenium-remote-driver-4.3.0.jar:?]
	at org.openqa.selenium.remote.service.DriverCommandExecutor.<init>(DriverCommandExecutor.java:80) ~[selenium-remote-driver-4.3.0.jar:?]
	at org.openqa.selenium.chromium.ChromiumDriverCommandExecutor.<init>(ChromiumDriverCommandExecutor.java:35) ~[selenium-chromium-driver-4.3.0.jar:?]
	at org.openqa.selenium.chrome.ChromeDriver$ChromeDriverCommandExecutor.<init>(ChromeDriver.java:93) ~[selenium-chrome-driver-4.3.0.jar:?]
	at org.openqa.selenium.chrome.ChromeDriver.<init>(ChromeDriver.java:81) ~[selenium-chrome-driver-4.3.0.jar:?]
	at org.openqa.selenium.chrome.ChromeDriver.<init>(ChromeDriver.java:49) ~[selenium-chrome-driver-4.3.0.jar:?]
	at resources.base.initializeDriver(base.java:63) ~[classes/:?]
	at resources.base.launchApplication(base.java:97) ~[classes/:?]
	at cucumber.StepDefination.I_have_landed_on_Ecommerce_page(StepDefination.java:37) ~[test-classes/:?]
	at jdk.internal.reflect.DirectMethodHandleAccessor.invoke(DirectMethodHandleAccessor.java:104) ~[?:?]
	at java.lang.reflect.Method.invoke(Method.java:577) ~[?:?]
	at io.cucumber.java.Invoker.doInvoke(Invoker.java:66) ~[cucumber-java-7.8.0.jar:7.8.0]
	at io.cucumber.java.Invoker.invoke(Invoker.java:24) ~[cucumber-java-7.8.0.jar:7.8.0]
	at io.cucumber.java.AbstractGlueDefinition.invokeMethod(AbstractGlueDefinition.java:47) ~[cucumber-java-7.8.0.jar:7.8.0]
	at io.cucumber.java.JavaStepDefinition.execute(JavaStepDefinition.java:29) ~[cucumber-java-7.8.0.jar:7.8.0]
	at io.cucumber.core.runner.CoreStepDefinition.execute(CoreStepDefinition.java:66) ~[cucumber-core-7.8.0.jar:7.8.0]
	at io.cucumber.core.runner.PickleStepDefinitionMatch.runStep(PickleStepDefinitionMatch.java:63) ~[cucumber-core-7.8.0.jar:7.8.0]
	at io.cucumber.core.runner.ExecutionMode$1.execute(ExecutionMode.java:10) ~[cucumber-core-7.8.0.jar:7.8.0]
	at io.cucumber.core.runner.TestStep.executeStep(TestStep.java:85) ~[cucumber-core-7.8.0.jar:7.8.0]
	at io.cucumber.core.runner.TestStep.run(TestStep.java:57) ~[cucumber-core-7.8.0.jar:7.8.0]
	at io.cucumber.core.runner.PickleStepTestStep.run(PickleStepTestStep.java:51) ~[cucumber-core-7.8.0.jar:7.8.0]
	at io.cucumber.core.runner.TestCase.run(TestCase.java:84) ~[cucumber-core-7.8.0.jar:7.8.0]
	at io.cucumber.core.runner.Runner.runPickle(Runner.java:75) ~[cucumber-core-7.8.0.jar:7.8.0]
	at io.cucumber.testng.TestNGCucumberRunner.lambda$runScenario$1(TestNGCucumberRunner.java:132) ~[cucumber-testng-7.8.0.jar:7.8.0]
	at io.cucumber.core.runtime.CucumberExecutionContext.lambda$runTestCase$5(CucumberExecutionContext.java:129) ~[cucumber-core-7.8.0.jar:7.8.0]
	at io.cucumber.core.runtime.RethrowingThrowableCollector.executeAndThrow(RethrowingThrowableCollector.java:23) ~[cucumber-core-7.8.0.jar:7.8.0]
	at io.cucumber.core.runtime.CucumberExecutionContext.runTestCase(CucumberExecutionContext.java:129) ~[cucumber-core-7.8.0.jar:7.8.0]
	at io.cucumber.testng.TestNGCucumberRunner.runScenario(TestNGCucumberRunner.java:129) ~[cucumber-testng-7.8.0.jar:7.8.0]
	at io.cucumber.testng.AbstractTestNGCucumberTests.runScenario(AbstractTestNGCucumberTests.java:35) ~[cucumber-testng-7.8.0.jar:7.8.0]
	at jdk.internal.reflect.DirectMethodHandleAccessor.invoke(DirectMethodHandleAccessor.java:104) ~[?:?]
	at java.lang.reflect.Method.invoke(Method.java:577) ~[?:?]
	at org.testng.internal.invokers.MethodInvocationHelper.invokeMethod(MethodInvocationHelper.java:139) ~[testng-7.6.0.jar:7.6.0]
	at org.testng.internal.invokers.TestInvoker.invokeMethod(TestInvoker.java:677) ~[testng-7.6.0.jar:7.6.0]
	at org.testng.internal.invokers.TestInvoker.invokeTestMethod(TestInvoker.java:221) ~[testng-7.6.0.jar:7.6.0]
	at org.testng.internal.invokers.MethodRunner.runInSequence(MethodRunner.java:50) ~[testng-7.6.0.jar:7.6.0]
	at org.testng.internal.invokers.TestInvoker$MethodInvocationAgent.invoke(TestInvoker.java:962) ~[testng-7.6.0.jar:7.6.0]
	at org.testng.internal.invokers.TestInvoker.invokeTestMethods(TestInvoker.java:194) ~[testng-7.6.0.jar:7.6.0]
	at org.testng.internal.invokers.TestMethodWorker.invokeTestMethods(TestMethodWorker.java:148) ~[testng-7.6.0.jar:7.6.0]
	at org.testng.internal.invokers.TestMethodWorker.run(TestMethodWorker.java:128) ~[testng-7.6.0.jar:7.6.0]
	at java.util.ArrayList.forEach(ArrayList.java:1511) ~[?:?]
	at org.testng.TestRunner.privateRun(TestRunner.java:806) ~[testng-7.6.0.jar:7.6.0]
	at org.testng.TestRunner.run(TestRunner.java:601) ~[testng-7.6.0.jar:7.6.0]
	at org.testng.SuiteRunner.runTest(SuiteRunner.java:433) ~[testng-7.6.0.jar:7.6.0]
	at org.testng.SuiteRunner.runSequentially(SuiteRunner.java:427) ~[testng-7.6.0.jar:7.6.0]
	at org.testng.SuiteRunner.privateRun(SuiteRunner.java:387) ~[testng-7.6.0.jar:7.6.0]
	at org.testng.SuiteRunner.run(SuiteRunner.java:330) ~[testng-7.6.0.jar:7.6.0]
	at org.testng.SuiteRunnerWorker.runSuite(SuiteRunnerWorker.java:52) ~[testng-7.6.0.jar:7.6.0]
	at org.testng.SuiteRunnerWorker.run(SuiteRunnerWorker.java:95) ~[testng-7.6.0.jar:7.6.0]
	at org.testng.TestNG.runSuitesSequentially(TestNG.java:1256) ~[testng-7.6.0.jar:7.6.0]
	at org.testng.TestNG.runSuitesLocally(TestNG.java:1176) ~[testng-7.6.0.jar:7.6.0]
	at org.testng.TestNG.runSuites(TestNG.java:1099) ~[testng-7.6.0.jar:7.6.0]
	at org.testng.TestNG.run(TestNG.java:1067) ~[testng-7.6.0.jar:7.6.0]
	at org.apache.maven.surefire.testng.TestNGExecutor.run(TestNGExecutor.java:151) ~[surefire-testng-3.0.0-M7.jar:3.0.0-M7]
	at org.apache.maven.surefire.testng.TestNGDirectoryTestSuite.executeSingleClass(TestNGDirectoryTestSuite.java:111) ~[surefire-testng-3.0.0-M7.jar:3.0.0-M7]
	at org.apache.maven.surefire.testng.TestNGDirectoryTestSuite.execute(TestNGDirectoryTestSuite.java:98) ~[surefire-testng-3.0.0-M7.jar:3.0.0-M7]
	at org.apache.maven.surefire.testng.TestNGProvider.invoke(TestNGProvider.java:155) ~[surefire-testng-3.0.0-M7.jar:3.0.0-M7]
	at org.apache.maven.surefire.booter.ForkedBooter.runSuitesInProcess(ForkedBooter.java:456) ~[surefire-booter-3.0.0-M7.jar:3.0.0-M7]
	at org.apache.maven.surefire.booter.ForkedBooter.execute(ForkedBooter.java:169) ~[surefire-booter-3.0.0-M7.jar:3.0.0-M7]
	at org.apache.maven.surefire.booter.ForkedBooter.run(ForkedBooter.java:595) ~[surefire-booter-3.0.0-M7.jar:3.0.0-M7]
	at org.apache.maven.surefire.booter.ForkedBooter.main(ForkedBooter.java:581) ~[surefire-booter-3.0.0-M7.jar:3.0.0-M7]
17:37:09,563 [main] DEBUG io.netty.util.internal.PlatformDependent0(36) - java.nio.DirectByteBuffer.<init>(long, int): unavailable
17:37:09,563 [main] DEBUG io.netty.util.internal.PlatformDependent(36) - sun.misc.Unsafe: available
17:37:09,564 [main] DEBUG io.netty.util.internal.PlatformDependent(36) - maxDirectMemory: 4217372672 bytes (maybe)
17:37:09,564 [main] DEBUG io.netty.util.internal.PlatformDependent(36) - -Dio.netty.tmpdir: C:\Users\ravneesi\AppData\Local\Temp (java.io.tmpdir)
17:37:09,565 [main] DEBUG io.netty.util.internal.PlatformDependent(36) - -Dio.netty.bitMode: 64 (sun.arch.data.model)
17:37:09,565 [main] DEBUG io.netty.util.internal.PlatformDependent(36) - Platform: Windows
17:37:09,566 [main] DEBUG io.netty.util.internal.PlatformDependent(36) - -Dio.netty.maxDirectMemory: -1 bytes
17:37:09,566 [main] DEBUG io.netty.util.internal.PlatformDependent(36) - -Dio.netty.uninitializedArrayAllocationThreshold: -1
17:37:09,569 [main] DEBUG io.netty.util.internal.CleanerJava9(36) - java.nio.ByteBuffer.cleaner(): available
17:37:09,569 [main] DEBUG io.netty.util.internal.PlatformDependent(36) - -Dio.netty.noPreferDirect: false
17:37:09,580 [main] DEBUG io.netty.util.internal.PlatformDependent(36) - org.jctools-core.MpscChunkedArrayQueue: available
17:37:09,617 [main] DEBUG io.netty.util.internal.InternalThreadLocalMap(36) - -Dio.netty.threadLocalMap.stringBuilder.initialSize: 1024
17:37:09,618 [main] DEBUG io.netty.util.internal.InternalThreadLocalMap(36) - -Dio.netty.threadLocalMap.stringBuilder.maxSize: 4096
17:37:09,741 [main] DEBUG io.netty.handler.ssl.JdkSslContext(36) - Default protocols (JDK): [TLSv1.3, TLSv1.2] 
17:37:09,741 [main] DEBUG io.netty.handler.ssl.JdkSslContext(36) - Default cipher suites (JDK): [TLS_ECDHE_ECDSA_WITH_AES_256_GCM_SHA384, TLS_ECDHE_ECDSA_WITH_AES_128_GCM_SHA256, TLS_ECDHE_RSA_WITH_AES_128_GCM_SHA256, TLS_ECDHE_RSA_WITH_AES_256_GCM_SHA384, TLS_ECDHE_RSA_WITH_AES_128_CBC_SHA, TLS_ECDHE_RSA_WITH_AES_256_CBC_SHA, TLS_RSA_WITH_AES_128_GCM_SHA256, TLS_RSA_WITH_AES_128_CBC_SHA, TLS_RSA_WITH_AES_256_CBC_SHA, TLS_AES_128_GCM_SHA256, TLS_AES_256_GCM_SHA384]
17:37:09,789 [main] DEBUG io.netty.channel.MultithreadEventLoopGroup(36) - -Dio.netty.eventLoopThreads: 16
17:37:09,805 [main] DEBUG io.netty.channel.nio.NioEventLoop(36) - -Dio.netty.noKeySetOptimization: false
17:37:09,805 [main] DEBUG io.netty.channel.nio.NioEventLoop(36) - -Dio.netty.selectorAutoRebuildThreshold: 512
17:37:09,821 [main] TRACE io.netty.channel.nio.NioEventLoop(36) - instrumented a special java.util.Set into: sun.nio.ch.WEPollSelectorImpl@4b76aa5a
17:37:09,823 [main] TRACE io.netty.channel.nio.NioEventLoop(36) - instrumented a special java.util.Set into: sun.nio.ch.WEPollSelectorImpl@310aee0b
17:37:09,824 [main] TRACE io.netty.channel.nio.NioEventLoop(36) - instrumented a special java.util.Set into: sun.nio.ch.WEPollSelectorImpl@36327cec
17:37:09,825 [main] TRACE io.netty.channel.nio.NioEventLoop(36) - instrumented a special java.util.Set into: sun.nio.ch.WEPollSelectorImpl@410ae5ac
17:37:09,826 [main] TRACE io.netty.channel.nio.NioEventLoop(36) - instrumented a special java.util.Set into: sun.nio.ch.WEPollSelectorImpl@1a8df0b3
17:37:09,827 [main] TRACE io.netty.channel.nio.NioEventLoop(36) - instrumented a special java.util.Set into: sun.nio.ch.WEPollSelectorImpl@7c112f5f
17:37:09,828 [main] TRACE io.netty.channel.nio.NioEventLoop(36) - instrumented a special java.util.Set into: sun.nio.ch.WEPollSelectorImpl@5961e92d
17:37:09,829 [main] TRACE io.netty.channel.nio.NioEventLoop(36) - instrumented a special java.util.Set into: sun.nio.ch.WEPollSelectorImpl@4fd05028
17:37:09,830 [main] TRACE io.netty.channel.nio.NioEventLoop(36) - instrumented a special java.util.Set into: sun.nio.ch.WEPollSelectorImpl@3a2d3909
17:37:09,831 [main] TRACE io.netty.channel.nio.NioEventLoop(36) - instrumented a special java.util.Set into: sun.nio.ch.WEPollSelectorImpl@4fb392c4
17:37:09,835 [main] TRACE io.netty.channel.nio.NioEventLoop(36) - instrumented a special java.util.Set into: sun.nio.ch.WEPollSelectorImpl@194d329e
17:37:09,838 [main] TRACE io.netty.channel.nio.NioEventLoop(36) - instrumented a special java.util.Set into: sun.nio.ch.WEPollSelectorImpl@54d1608f
17:37:09,840 [main] TRACE io.netty.channel.nio.NioEventLoop(36) - instrumented a special java.util.Set into: sun.nio.ch.WEPollSelectorImpl@7e7fe6d
17:37:09,841 [main] TRACE io.netty.channel.nio.NioEventLoop(36) - instrumented a special java.util.Set into: sun.nio.ch.WEPollSelectorImpl@541179e7
17:37:09,842 [main] TRACE io.netty.channel.nio.NioEventLoop(36) - instrumented a special java.util.Set into: sun.nio.ch.WEPollSelectorImpl@24386839
17:37:09,843 [main] TRACE io.netty.channel.nio.NioEventLoop(36) - instrumented a special java.util.Set into: sun.nio.ch.WEPollSelectorImpl@7b32b129
17:37:09,895 [main] DEBUG io.netty.buffer.PooledByteBufAllocator(36) - -Dio.netty.allocator.numHeapArenas: 16
17:37:09,896 [main] DEBUG io.netty.buffer.PooledByteBufAllocator(36) - -Dio.netty.allocator.numDirectArenas: 16
17:37:09,896 [main] DEBUG io.netty.buffer.PooledByteBufAllocator(36) - -Dio.netty.allocator.pageSize: 8192
17:37:09,896 [main] DEBUG io.netty.buffer.PooledByteBufAllocator(36) - -Dio.netty.allocator.maxOrder: 9
17:37:09,896 [main] DEBUG io.netty.buffer.PooledByteBufAllocator(36) - -Dio.netty.allocator.chunkSize: 4194304
17:37:09,896 [main] DEBUG io.netty.buffer.PooledByteBufAllocator(36) - -Dio.netty.allocator.smallCacheSize: 256
17:37:09,896 [main] DEBUG io.netty.buffer.PooledByteBufAllocator(36) - -Dio.netty.allocator.normalCacheSize: 64
17:37:09,896 [main] DEBUG io.netty.buffer.PooledByteBufAllocator(36) - -Dio.netty.allocator.maxCachedBufferCapacity: 32768
17:37:09,896 [main] DEBUG io.netty.buffer.PooledByteBufAllocator(36) - -Dio.netty.allocator.cacheTrimInterval: 8192
17:37:09,897 [main] DEBUG io.netty.buffer.PooledByteBufAllocator(36) - -Dio.netty.allocator.cacheTrimIntervalMillis: 0
17:37:09,897 [main] DEBUG io.netty.buffer.PooledByteBufAllocator(36) - -Dio.netty.allocator.useCacheForAllThreads: false
17:37:09,897 [main] DEBUG io.netty.buffer.PooledByteBufAllocator(36) - -Dio.netty.allocator.maxCachedByteBuffersPerChunk: 1023
17:37:09,929 [main] DEBUG io.netty.buffer.ByteBufUtil(36) - -Dio.netty.allocator.type: pooled
17:37:09,930 [main] DEBUG io.netty.buffer.ByteBufUtil(36) - -Dio.netty.threadLocalDirectBufferSize: 0
17:37:09,930 [main] DEBUG io.netty.buffer.ByteBufUtil(36) - -Dio.netty.maxThreadLocalCharBufferSize: 16384
17:37:11,096 [Forwarding newSession on session null to remote] DEBUG io.netty.channel.DefaultChannelId(36) - -Dio.netty.processId: 20728 (auto-detected)
17:37:11,099 [Forwarding newSession on session null to remote] DEBUG io.netty.util.NetUtil(36) - -Djava.net.preferIPv4Stack: false
17:37:11,099 [Forwarding newSession on session null to remote] DEBUG io.netty.util.NetUtil(36) - -Djava.net.preferIPv6Addresses: false
17:37:11,113 [Forwarding newSession on session null to remote] DEBUG io.netty.util.NetUtilInitializations(36) - Loopback interface: lo (Software Loopback Interface 1, 127.0.0.1)
17:37:11,114 [Forwarding newSession on session null to remote] DEBUG io.netty.util.NetUtil(36) - Failed to get SOMAXCONN from sysctl and file \proc\sys\net\core\somaxconn. Default: 200
17:37:11,164 [Forwarding newSession on session null to remote] DEBUG io.netty.channel.DefaultChannelId(36) - -Dio.netty.machineId: ac:74:b1:ff:fe:c5:06:d9 (auto-detected)
17:37:11,231 [AsyncHttpClient-1-2] DEBUG io.netty.buffer.AbstractByteBuf(36) - -Dio.netty.buffer.checkAccessible: true
17:37:11,231 [AsyncHttpClient-1-2] DEBUG io.netty.buffer.AbstractByteBuf(36) - -Dio.netty.buffer.checkBounds: true
17:37:11,231 [AsyncHttpClient-1-2] DEBUG io.netty.util.ResourceLeakDetectorFactory(36) - Loaded default ResourceLeakDetector: io.netty.util.ResourceLeakDetector@3a90f612
17:37:11,268 [AsyncHttpClient-1-2] DEBUG io.netty.util.Recycler(36) - -Dio.netty.recycler.maxCapacityPerThread: 4096
17:37:11,269 [AsyncHttpClient-1-2] DEBUG io.netty.util.Recycler(36) - -Dio.netty.recycler.ratio: 8
17:37:11,269 [AsyncHttpClient-1-2] DEBUG io.netty.util.Recycler(36) - -Dio.netty.recycler.chunkSize: 32
17:37:11,269 [AsyncHttpClient-1-2] DEBUG io.netty.util.Recycler(36) - -Dio.netty.recycler.blocking: false
17:37:14,962 [AsyncHttpClient-1-2] DEBUG io.netty.handler.codec.compression.Brotli(36) - brotli4j not in the classpath; Brotli support will be unavailable.
17:37:15,671 [main] DEBUG io.netty.util.internal.ThreadLocalRandom(36) - -Dio.netty.initialSeedUniquifier: 0x747e86ec4ecc3eb9
]]></system-out>
    <system-err><![CDATA[SLF4J: Failed to load class "org.slf4j.impl.StaticLoggerBinder".
SLF4J: Defaulting to no-operation (NOP) logger implementation
SLF4J: See http://www.slf4j.org/codes.html#StaticLoggerBinder for further details.
Starting ChromeDriver 106.0.5249.61 (511755355844955cd3e264779baf0dd38212a4d0-refs/branch-heads/5249@{#569}) on port 52896
Only local connections are allowed.
Please see https://chromedriver.chromium.org/security-considerations for suggestions on keeping ChromeDriver safe.
ChromeDriver was started successfully.
Oct 03, 2022 5:37:15 PM org.openqa.selenium.remote.ProtocolHandshake createSession
INFO: Detected upstream dialect: W3C
Oct 03, 2022 5:37:15 PM org.openqa.selenium.devtools.CdpVersionFinder findNearestMatch
WARNING: Unable to find an exact match for CDP version 106, so returning the closest version found: 103
Oct 03, 2022 5:37:15 PM org.openqa.selenium.devtools.CdpVersionFinder findNearestMatch
INFO: Found CDP implementation for version 106 of 103
Oct 03, 2022 5:37:22 PM org.openqa.selenium.remote.http.WebSocket$Listener onError
WARNING: Connection reset
java.net.SocketException: Connection reset
	at java.base/sun.nio.ch.SocketChannelImpl.throwConnectionReset(SocketChannelImpl.java:394)
	at java.base/sun.nio.ch.SocketChannelImpl.read(SocketChannelImpl.java:426)
	at io.netty.buffer.PooledByteBuf.setBytes(PooledByteBuf.java:258)
	at io.netty.buffer.AbstractByteBuf.writeBytes(AbstractByteBuf.java:1132)
	at io.netty.channel.socket.nio.NioSocketChannel.doReadBytes(NioSocketChannel.java:357)
	at io.netty.channel.nio.AbstractNioByteChannel$NioByteUnsafe.read(AbstractNioByteChannel.java:151)
	at io.netty.channel.nio.NioEventLoop.processSelectedKey(NioEventLoop.java:722)
	at io.netty.channel.nio.NioEventLoop.processSelectedKeysOptimized(NioEventLoop.java:658)
	at io.netty.channel.nio.NioEventLoop.processSelectedKeys(NioEventLoop.java:584)
	at io.netty.channel.nio.NioEventLoop.run(NioEventLoop.java:496)
	at io.netty.util.concurrent.SingleThreadEventExecutor$4.run(SingleThreadEventExecutor.java:997)
	at io.netty.util.internal.ThreadExecutorMap$2.run(ThreadExecutorMap.java:74)
	at io.netty.util.concurrent.FastThreadLocalRunnable.run(FastThreadLocalRunnable.java:30)
	at java.base/java.lang.Thread.run(Thread.java:833)

]]></system-err>
  </testcase>
  <testcase name="runScenario[&quot;Negative Test for Error Validation&quot;, &quot;Error Validation&quot;](2)" classname="cucumber.TestNGTestRunner" time="8.793">
    <system-err><![CDATA[Starting ChromeDriver 106.0.5249.61 (511755355844955cd3e264779baf0dd38212a4d0-refs/branch-heads/5249@{#569}) on port 61267
Only local connections are allowed.
Please see https://chromedriver.chromium.org/security-considerations for suggestions on keeping ChromeDriver safe.
ChromeDriver was started successfully.
Oct 03, 2022 5:37:27 PM org.openqa.selenium.remote.ProtocolHandshake createSession
INFO: Detected upstream dialect: W3C
Oct 03, 2022 5:37:27 PM org.openqa.selenium.devtools.CdpVersionFinder findNearestMatch
WARNING: Unable to find an exact match for CDP version 106, so returning the closest version found: 103
Oct 03, 2022 5:37:27 PM org.openqa.selenium.devtools.CdpVersionFinder findNearestMatch
INFO: Found CDP implementation for version 106 of 103
Oct 03, 2022 5:37:31 PM org.openqa.selenium.remote.http.WebSocket$Listener onError
WARNING: Connection reset
java.net.SocketException: Connection reset
	at java.base/sun.nio.ch.SocketChannelImpl.throwConnectionReset(SocketChannelImpl.java:394)
	at java.base/sun.nio.ch.SocketChannelImpl.read(SocketChannelImpl.java:426)
	at io.netty.buffer.PooledByteBuf.setBytes(PooledByteBuf.java:258)
	at io.netty.buffer.AbstractByteBuf.writeBytes(AbstractByteBuf.java:1132)
	at io.netty.channel.socket.nio.NioSocketChannel.doReadBytes(NioSocketChannel.java:357)
	at io.netty.channel.nio.AbstractNioByteChannel$NioByteUnsafe.read(AbstractNioByteChannel.java:151)
	at io.netty.channel.nio.NioEventLoop.processSelectedKey(NioEventLoop.java:722)
	at io.netty.channel.nio.NioEventLoop.processSelectedKeysOptimized(NioEventLoop.java:658)
	at io.netty.channel.nio.NioEventLoop.processSelectedKeys(NioEventLoop.java:584)
	at io.netty.channel.nio.NioEventLoop.run(NioEventLoop.java:496)
	at io.netty.util.concurrent.SingleThreadEventExecutor$4.run(SingleThreadEventExecutor.java:997)
	at io.netty.util.internal.ThreadExecutorMap$2.run(ThreadExecutorMap.java:74)
	at io.netty.util.concurrent.FastThreadLocalRunnable.run(FastThreadLocalRunnable.java:30)
	at java.base/java.lang.Thread.run(Thread.java:833)

]]></system-err>
  </testcase>
</testsuite>