<?xml version="1.0" encoding="UTF-8"?>
<!-- Generated by org.testng.reporters.JUnitXMLReporter -->
<testsuite ignored="1" hostname="LAPTOP-AS1U2ANL" failures="0" tests="6" name="Submit Order Test" time="13.455" errors="0" timestamp="2022-09-30T22:33:18 IST">
  <testcase classname="mavenProject.HomePageTest" name="LogIn" time="0.318"/>
  <testcase classname="mavenProject.HomePageTest" name="FindProductTest" time="0.533"/>
  <testcase classname="mavenProject.HomePageTest" name="cartTest" time="2.512"/>
  <testcase classname="mavenProject.HomePageTest" name="paymentDetails" time="0.595"/>
  <testcase classname="mavenProject.HomePageTest" name="confirmOrderPage" time="0.253"/>
  <testcase classname="mavenProject.HomePageTest" name="orderHistoryTest" time="0.316"/>
  <testcase classname="mavenProject.HomePageTest" name="RegistrationTest" time="0.0">
    <ignored/>
  </testcase> <!-- RegistrationTest -->
</testsuite> <!-- Submit Order Test -->
