<?xml version="1.0" encoding="UTF-8"?>
<!-- Generated by org.testng.reporters.JUnitXMLReporter -->
<testsuite ignored="0" hostname="LAPTOP-AS1U2ANL" failures="2" tests="4" name="Test" time="9.698" errors="0" timestamp="2022-09-30T23:01:20 IST">
  <testcase classname="mavenProject.ErrorValidationTest" name="validateError" time="0.422">
    <skipped/>
  </testcase> <!-- validateError -->
  <testcase classname="mavenProject.ErrorValidationTest" name="validateError" time="0.232">
    <failure type="java.lang.AssertionError" message="expected [Incorrect email of password.] but found [Incorrect email or password.]">
      <![CDATA[java.lang.AssertionError: expected [Incorrect email of password.] but found [Incorrect email or password.]
at mavenProject.ErrorValidationTest.validateError(ErrorValidationTest.java:34)
at java.base/java.util.ArrayList.forEach(ArrayList.java:1511)
... Removed 33 stack frames]]>
    </failure>
  </testcase> <!-- validateError -->
  <testcase classname="mavenProject.ErrorValidationTest" name="validateError" time="0.199">
    <skipped/>
  </testcase> <!-- validateError -->
  <testcase classname="mavenProject.ErrorValidationTest" name="validateError" time="0.251">
    <failure type="java.lang.AssertionError" message="expected [Incorrect email of password.] but found [Incorrect email or password.]">
      <![CDATA[java.lang.AssertionError: expected [Incorrect email of password.] but found [Incorrect email or password.]
at mavenProject.ErrorValidationTest.validateError(ErrorValidationTest.java:34)
at java.base/java.util.ArrayList.forEach(ArrayList.java:1511)
... Removed 33 stack frames]]>
    </failure>
  </testcase> <!-- validateError -->
</testsuite> <!-- Test -->
