<?xml version="1.0" encoding="UTF-8"?>
<!-- Generated by org.testng.reporters.JUnitXMLReporter -->
<testsuite ignored="1" hostname="LAPTOP-AS1U2ANL" failures="0" tests="6" name="Submit Order Test" time="15.416" errors="0" timestamp="2022-10-01T22:41:19 IST">
  <testcase classname="mavenProject.HomePageTest" name="LogIn" time="0.387"/>
  <testcase classname="mavenProject.HomePageTest" name="FindProductTest" time="0.565"/>
  <testcase classname="mavenProject.HomePageTest" name="cartTest" time="1.988"/>
  <testcase classname="mavenProject.HomePageTest" name="paymentDetails" time="0.674"/>
  <testcase classname="mavenProject.HomePageTest" name="confirmOrderPage" time="0.221"/>
  <testcase classname="mavenProject.HomePageTest" name="orderHistoryTest" time="0.273"/>
  <testcase classname="mavenProject.HomePageTest" name="RegistrationTest" time="0.0">
    <ignored/>
  </testcase> <!-- RegistrationTest -->
</testsuite> <!-- Submit Order Test -->
